<?xml version="1.0" encoding="UTF-8"?>
<testsuite xmlns:xsi="http://www.w3.org/2001/XMLSchema-instance" xsi:noNamespaceSchemaLocation="https://maven.apache.org/surefire/maven-surefire-plugin/xsd/surefire-test-report.xsd" name="org.ntpc.AppTest" time="0.056" tests="1" errors="0" skipped="0" failures="0">
  <properties>
    <property name="sun.desktop" value="windows"/>
    <property name="awt.toolkit" value="sun.awt.windows.WToolkit"/>
    <property name="file.encoding.pkg" value="sun.io"/>
    <property name="java.specification.version" value="1.8"/>
    <property name="sun.cpu.isalist" value="amd64"/>
    <property name="sun.jnu.encoding" value="Cp1252"/>
    <property name="java.class.path" value="C:\Users\RAMU\webappntpc\target\test-classes;C:\Users\RAMU\webappntpc\target\classes;C:\Users\RAMU\.m2\repository\junit\junit\4.11\junit-4.11.jar;C:\Users\RAMU\.m2\repository\org\hamcrest\hamcrest-core\1.3\hamcrest-core-1.3.jar;C:\Users\RAMU\.m2\repository\io\aboutcode\stage\persistence\relational\mysql\4.0.2\mysql-4.0.2.jar;C:\Users\RAMU\.m2\repository\io\aboutcode\stage\persistence\core\4.0.2\core-4.0.2.jar;C:\Users\RAMU\.m2\repository\io\aboutcode\stage\core\4.0.2\core-4.0.2.jar;C:\Users\RAMU\.m2\repository\io\aboutcode\stage\persistence\jdbc\core\4.0.2\core-4.0.2.jar;C:\Users\RAMU\.m2\repository\com\zaxxer\HikariCP\2.4.3\HikariCP-2.4.3.jar;C:\Users\RAMU\.m2\repository\org\slf4j\slf4j-api\1.7.12\slf4j-api-1.7.12.jar;C:\Users\RAMU\.m2\repository\ch\qos\logback\logback-core\1.2.3\logback-core-1.2.3.jar;C:\Users\RAMU\.m2\repository\com\google\guava\guava\19.0\guava-19.0.jar;C:\Users\RAMU\.m2\repository\de\pentabyte\google-static-map-creator\2.3.0\google-static-map-creator-2.3.0.jar;C:\Users\RAMU\.m2\repository\org\apache\httpcomponents\httpclient\4.5\httpclient-4.5.jar;C:\Users\RAMU\.m2\repository\org\apache\httpcomponents\httpcore\4.4.1\httpcore-4.4.1.jar;C:\Users\RAMU\.m2\repository\commons-logging\commons-logging\1.2\commons-logging-1.2.jar;C:\Users\RAMU\.m2\repository\commons-codec\commons-codec\1.9\commons-codec-1.9.jar;C:\Users\RAMU\.m2\repository\org\apache\commons\commons-lang3\3.7\commons-lang3-3.7.jar;"/>
    <property name="java.vm.vendor" value="Oracle Corporation"/>
    <property name="sun.arch.data.model" value="64"/>
    <property name="user.variant" value=""/>
    <property name="java.vendor.url" value="http://java.oracle.com/"/>
    <property name="user.timezone" value="Asia/Calcutta"/>
    <property name="java.vm.specification.version" value="1.8"/>
    <property name="os.name" value="Windows 10"/>
    <property name="user.country" value="US"/>
    <property name="sun.java.launcher" value="SUN_STANDARD"/>
    <property name="sun.boot.library.path" value="C:\program files\java\jdk1.8.0_291\jre\bin"/>
    <property name="sun.java.command" value="C:\Users\RAMU\AppData\Local\Temp\surefire7367645256424052233\surefirebooter613318093284615324.jar C:\Users\RAMU\AppData\Local\Temp\surefire7367645256424052233 2021-07-17T07-28-38_039-jvmRun1 surefire6566824210674673623tmp surefire_01949556558894198319tmp"/>
    <property name="surefire.test.class.path" value="C:\Users\RAMU\webappntpc\target\test-classes;C:\Users\RAMU\webappntpc\target\classes;C:\Users\RAMU\.m2\repository\junit\junit\4.11\junit-4.11.jar;C:\Users\RAMU\.m2\repository\org\hamcrest\hamcrest-core\1.3\hamcrest-core-1.3.jar;C:\Users\RAMU\.m2\repository\io\aboutcode\stage\persistence\relational\mysql\4.0.2\mysql-4.0.2.jar;C:\Users\RAMU\.m2\repository\io\aboutcode\stage\persistence\core\4.0.2\core-4.0.2.jar;C:\Users\RAMU\.m2\repository\io\aboutcode\stage\core\4.0.2\core-4.0.2.jar;C:\Users\RAMU\.m2\repository\io\aboutcode\stage\persistence\jdbc\core\4.0.2\core-4.0.2.jar;C:\Users\RAMU\.m2\repository\com\zaxxer\HikariCP\2.4.3\HikariCP-2.4.3.jar;C:\Users\RAMU\.m2\repository\org\slf4j\slf4j-api\1.7.12\slf4j-api-1.7.12.jar;C:\Users\RAMU\.m2\repository\ch\qos\logback\logback-core\1.2.3\logback-core-1.2.3.jar;C:\Users\RAMU\.m2\repository\com\google\guava\guava\19.0\guava-19.0.jar;C:\Users\RAMU\.m2\repository\de\pentabyte\google-static-map-creator\2.3.0\google-static-map-creator-2.3.0.jar;C:\Users\RAMU\.m2\repository\org\apache\httpcomponents\httpclient\4.5\httpclient-4.5.jar;C:\Users\RAMU\.m2\repository\org\apache\httpcomponents\httpcore\4.4.1\httpcore-4.4.1.jar;C:\Users\RAMU\.m2\repository\commons-logging\commons-logging\1.2\commons-logging-1.2.jar;C:\Users\RAMU\.m2\repository\commons-codec\commons-codec\1.9\commons-codec-1.9.jar;C:\Users\RAMU\.m2\repository\org\apache\commons\commons-lang3\3.7\commons-lang3-3.7.jar;"/>
    <property name="sun.cpu.endian" value="little"/>
    <property name="user.home" value="C:\Users\RAMU"/>
    <property name="user.language" value="en"/>
    <property name="java.specification.vendor" value="Oracle Corporation"/>
    <property name="java.home" value="C:\program files\java\jdk1.8.0_291\jre"/>
    <property name="basedir" value="C:\Users\RAMU\webappntpc"/>
    <property name="file.separator" value="\"/>
    <property name="line.separator" value="&#10;"/>
    <property name="java.vm.specification.vendor" value="Oracle Corporation"/>
    <property name="java.specification.name" value="Java Platform API Specification"/>
    <property name="java.awt.graphicsenv" value="sun.awt.Win32GraphicsEnvironment"/>
    <property name="surefire.real.class.path" value="C:\Users\RAMU\AppData\Local\Temp\surefire7367645256424052233\surefirebooter613318093284615324.jar"/>
    <property name="sun.boot.class.path" value="C:\program files\java\jdk1.8.0_291\jre\lib\resources.jar;C:\program files\java\jdk1.8.0_291\jre\lib\rt.jar;C:\program files\java\jdk1.8.0_291\jre\lib\sunrsasign.jar;C:\program files\java\jdk1.8.0_291\jre\lib\jsse.jar;C:\program files\java\jdk1.8.0_291\jre\lib\jce.jar;C:\program files\java\jdk1.8.0_291\jre\lib\charsets.jar;C:\program files\java\jdk1.8.0_291\jre\lib\jfr.jar;C:\program files\java\jdk1.8.0_291\jre\classes"/>
    <property name="user.script" value=""/>
    <property name="sun.management.compiler" value="HotSpot 64-Bit Tiered Compilers"/>
    <property name="java.runtime.version" value="1.8.0_291-b10"/>
    <property name="user.name" value="RAMU"/>
    <property name="path.separator" value=";"/>
    <property name="os.version" value="10.0"/>
    <property name="java.endorsed.dirs" value="C:\program files\java\jdk1.8.0_291\jre\lib\endorsed"/>
    <property name="java.runtime.name" value="Java(TM) SE Runtime Environment"/>
    <property name="file.encoding" value="Cp1252"/>
    <property name="java.vm.name" value="Java HotSpot(TM) 64-Bit Server VM"/>
    <property name="localRepository" value="C:\Users\RAMU\.m2\repository"/>
    <property name="java.vendor.url.bug" value="http://bugreport.sun.com/bugreport/"/>
    <property name="java.io.tmpdir" value="C:\Users\RAMU\AppData\Local\Temp\"/>
    <property name="java.version" value="1.8.0_291"/>
    <property name="user.dir" value="C:\Users\RAMU\webappntpc"/>
    <property name="os.arch" value="amd64"/>
    <property name="java.vm.specification.name" value="Java Virtual Machine Specification"/>
    <property name="java.awt.printerjob" value="sun.awt.windows.WPrinterJob"/>
    <property name="sun.os.patch.level" value=""/>
    <property name="java.library.path" value="C:\program files\java\jdk1.8.0_291\jre\bin;C:\Windows\Sun\Java\bin;C:\Windows\system32;C:\Windows;C:\Program Files (x86)\Common Files\Oracle\Java\javapath;C:\Program Files (x86)\VMware\VMware Workstation\bin\;C:\Windows\system32;C:\Windows;C:\Windows\System32\Wbem;C:\Windows\System32\WindowsPowerShell\v1.0\;C:\Program Files\Git\cmd;c:\program files\java\jdk1.8.0_291\bin;D:\sunilproject\apache-maven-3.8.1\bin;C:\Users\RAMU\AppData\Local\Microsoft\WindowsApps;;."/>
    <property name="java.vm.info" value="mixed mode"/>
    <property name="java.vendor" value="Oracle Corporation"/>
    <property name="java.vm.version" value="25.291-b10"/>
    <property name="java.ext.dirs" value="C:\program files\java\jdk1.8.0_291\jre\lib\ext;C:\Windows\Sun\Java\lib\ext"/>
    <property name="sun.io.unicode.encoding" value="UnicodeLittle"/>
    <property name="java.class.version" value="52.0"/>
  </properties>
  <testcase name="shouldAnswerWithTrue" classname="org.ntpc.AppTest" time="0.002"/>
</testsuite>